# JRE version: OpenJDK Runtime Environment (11.0.9.1+1) (build 11.0.9.1+1-Ubuntu-0ubuntu1.18.04)
# Java VM: OpenJDK 64-Bit Server VM (11.0.9.1+1-Ubuntu-0ubuntu1.18.04, mixed mode, sharing, tiered, compressed oops, g1 gc, linux-amd64)
Heap:
 garbage-first heap   total 155648K, used 94882K [0x0000000085400000, 0x0000000100000000)
  region size 1024K, 90 young (92160K), 12 survivors (12288K)
 Metaspace       used 7708K, capacity 8909K, committed 9216K, reserved 1058816K
  class space    used 558K, capacity 726K, committed 768K, reserved 1048576K
GC Heap History (14 events):
Event: 0.669 GC heap before
{Heap before GC invocations=0 (full 0):
 garbage-first heap   total 129024K, used 26312K [0x0000000085400000, 0x0000000100000000)
  region size 1024K, 24 young (24576K), 0 survivors (0K)
 Metaspace       used 6966K, capacity 8237K, committed 8448K, reserved 1056768K
  class space    used 535K, capacity 694K, committed 768K, reserved 1048576K
}
Event: 0.675 GC heap after
{Heap after GC invocations=1 (full 0):
 garbage-first heap   total 129024K, used 4331K [0x0000000085400000, 0x0000000100000000)
  region size 1024K, 2 young (2048K), 2 survivors (2048K)
 Metaspace       used 6966K, capacity 8237K, committed 8448K, reserved 1056768K
  class space    used 535K, capacity 694K, committed 768K, reserved 1048576K
}
Event: 0.884 GC heap before
{Heap before GC invocations=1 (full 0):
 garbage-first heap   total 129024K, used 88299K [0x0000000085400000, 0x0000000100000000)
  region size 1024K, 74 young (75776K), 2 survivors (2048K)
 Metaspace       used 6974K, capacity 8237K, committed 8448K, reserved 1056768K
  class space    used 535K, capacity 694K, committed 768K, reserved 1048576K
}
Event: 0.888 GC heap after
{Heap after GC invocations=2 (full 0):
 garbage-first heap   total 129024K, used 4439K [0x0000000085400000, 0x0000000100000000)
  region size 1024K, 2 young (2048K), 2 survivors (2048K)
 Metaspace       used 6974K, capacity 8237K, committed 8448K, reserved 1056768K
  class space    used 535K, capacity 694K, committed 768K, reserved 1048576K
}
Event: 2.522 GC heap before
{Heap before GC invocations=2 (full 0):
 garbage-first heap   total 129024K, used 78167K [0x0000000085400000, 0x0000000100000000)
  region size 1024K, 74 young (75776K), 2 survivors (2048K)
 Metaspace       used 7704K, capacity 8909K, committed 9216K, reserved 1058816K
  class space    used 558K, capacity 726K, committed 768K, reserved 1048576K
}
Event: 2.546 GC heap after
{Heap after GC invocations=3 (full 0):
 garbage-first heap   total 129024K, used 11641K [0x0000000085400000, 0x0000000100000000)
  region size 1024K, 10 young (10240K), 10 survivors (10240K)
 Metaspace       used 7704K, capacity 8909K, committed 9216K, reserved 1058816K
  class space    used 558K, capacity 726K, committed 768K, reserved 1048576K
}
Event: 4.073 GC heap before
{Heap before GC invocations=3 (full 0):
 garbage-first heap   total 129024K, used 77177K [0x0000000085400000, 0x0000000100000000)
  region size 1024K, 74 young (75776K), 10 survivors (10240K)
 Metaspace       used 7708K, capacity 8909K, committed 9216K, reserved 1058816K
  class space    used 558K, capacity 726K, committed 768K, reserved 1048576K
}
Event: 4.098 GC heap after
{Heap after GC invocations=4 (full 0):
 garbage-first heap   total 129024K, used 13325K [0x0000000085400000, 0x0000000100000000)
  region size 1024K, 10 young (10240K), 10 survivors (10240K)
 Metaspace       used 7708K, capacity 8909K, committed 9216K, reserved 1058816K
  class space    used 558K, capacity 726K, committed 768K, reserved 1048576K
}
Event: 5.628 GC heap before
{Heap before GC invocations=4 (full 0):
 garbage-first heap   total 129024K, used 78861K [0x0000000085400000, 0x0000000100000000)
  region size 1024K, 74 young (75776K), 10 survivors (10240K)
 Metaspace       used 7708K, capacity 8909K, committed 9216K, reserved 1058816K
  class space    used 558K, capacity 726K, committed 768K, reserved 1048576K
}
Event: 5.651 GC heap after
{Heap after GC invocations=5 (full 0):
 garbage-first heap   total 155648K, used 13472K [0x0000000085400000, 0x0000000100000000)
  region size 1024K, 10 young (10240K), 10 survivors (10240K)
 Metaspace       used 7708K, capacity 8909K, committed 9216K, reserved 1058816K
  class space    used 558K, capacity 726K, committed 768K, reserved 1048576K
}
Event: 7.573 GC heap before
{Heap before GC invocations=5 (full 0):
 garbage-first heap   total 155648K, used 96416K [0x0000000085400000, 0x0000000100000000)
  region size 1024K, 91 young (93184K), 10 survivors (10240K)
 Metaspace       used 7708K, capacity 8909K, committed 9216K, reserved 1058816K
  class space    used 558K, capacity 726K, committed 768K, reserved 1048576K
}
Event: 7.600 GC heap after
{Heap after GC invocations=6 (full 0):
 garbage-first heap   total 155648K, used 15861K [0x0000000085400000, 0x0000000100000000)
  region size 1024K, 12 young (12288K), 12 survivors (12288K)
 Metaspace       used 7708K, capacity 8909K, committed 9216K, reserved 1058816K
  class space    used 558K, capacity 726K, committed 768K, reserved 1048576K
}
Event: 9.467 GC heap before
{Heap before GC invocations=6 (full 0):
 garbage-first heap   total 155648K, used 96757K [0x0000000085400000, 0x0000000100000000)
  region size 1024K, 91 young (93184K), 12 survivors (12288K)
 Metaspace       used 7708K, capacity 8909K, committed 9216K, reserved 1058816K
  class space    used 558K, capacity 726K, committed 768K, reserved 1048576K
}
Event: 9.490 GC heap after
{Heap after GC invocations=7 (full 0):
 garbage-first heap   total 155648K, used 16034K [0x0000000085400000, 0x0000000100000000)
  region size 1024K, 12 young (12288K), 12 survivors (12288K)
 Metaspace       used 7708K, capacity 8909K, committed 9216K, reserved 1058816K
  class space    used 558K, capacity 726K, committed 768K, reserved 1048576K
}

