# JRE version: OpenJDK Runtime Environment (11.0.9.1+1) (build 11.0.9.1+1-Ubuntu-0ubuntu1.18.04)
# Java VM: OpenJDK 64-Bit Server VM (11.0.9.1+1-Ubuntu-0ubuntu1.18.04, mixed mode, sharing, tiered, compressed oops, g1 gc, linux-amd64)
Heap:
 garbage-first heap   total 155648K, used 35293K [0x0000000085400000, 0x0000000100000000)
  region size 1024K, 26 young (26624K), 10 survivors (10240K)
 Metaspace       used 10797K, capacity 11225K, committed 11392K, reserved 1058816K
  class space    used 878K, capacity 1094K, committed 1152K, reserved 1048576K
GC Heap History (10 events):
Event: 0.782 GC heap before
{Heap before GC invocations=0 (full 0):
 garbage-first heap   total 129024K, used 24264K [0x0000000085400000, 0x0000000100000000)
  region size 1024K, 24 young (24576K), 0 survivors (0K)
 Metaspace       used 6985K, capacity 8237K, committed 8448K, reserved 1056768K
  class space    used 538K, capacity 694K, committed 768K, reserved 1048576K
}
Event: 0.787 GC heap after
{Heap after GC invocations=1 (full 0):
 garbage-first heap   total 129024K, used 2542K [0x0000000085400000, 0x0000000100000000)
  region size 1024K, 2 young (2048K), 2 survivors (2048K)
 Metaspace       used 6985K, capacity 8237K, committed 8448K, reserved 1056768K
  class space    used 538K, capacity 694K, committed 768K, reserved 1048576K
}
Event: 1.497 GC heap before
{Heap before GC invocations=1 (full 0):
 garbage-first heap   total 129024K, used 80366K [0x0000000085400000, 0x0000000100000000)
  region size 1024K, 74 young (75776K), 2 survivors (2048K)
 Metaspace       used 10554K, capacity 11001K, committed 11136K, reserved 1058816K
  class space    used 872K, capacity 1062K, committed 1152K, reserved 1048576K
}
Event: 1.503 GC heap after
{Heap after GC invocations=2 (full 0):
 garbage-first heap   total 129024K, used 9336K [0x0000000085400000, 0x0000000100000000)
  region size 1024K, 5 young (5120K), 5 survivors (5120K)
 Metaspace       used 10554K, capacity 11001K, committed 11136K, reserved 1058816K
  class space    used 872K, capacity 1062K, committed 1152K, reserved 1048576K
}
Event: 1.910 GC heap before
{Heap before GC invocations=2 (full 0):
 garbage-first heap   total 129024K, used 79992K [0x0000000085400000, 0x0000000100000000)
  region size 1024K, 74 young (75776K), 5 survivors (5120K)
 Metaspace       used 10781K, capacity 11225K, committed 11392K, reserved 1058816K
  class space    used 878K, capacity 1094K, committed 1152K, reserved 1048576K
}
Event: 1.918 GC heap after
{Heap after GC invocations=3 (full 0):
 garbage-first heap   total 129024K, used 5728K [0x0000000085400000, 0x0000000100000000)
  region size 1024K, 5 young (5120K), 5 survivors (5120K)
 Metaspace       used 10781K, capacity 11225K, committed 11392K, reserved 1058816K
  class space    used 878K, capacity 1094K, committed 1152K, reserved 1048576K
}
Event: 2.574 GC heap before
{Heap before GC invocations=3 (full 0):
 garbage-first heap   total 129024K, used 76384K [0x0000000085400000, 0x0000000100000000)
  region size 1024K, 74 young (75776K), 5 survivors (5120K)
 Metaspace       used 10795K, capacity 11225K, committed 11392K, reserved 1058816K
  class space    used 878K, capacity 1094K, committed 1152K, reserved 1048576K
}
Event: 2.597 GC heap after
{Heap after GC invocations=4 (full 0):
 garbage-first heap   total 129024K, used 14941K [0x0000000085400000, 0x0000000100000000)
  region size 1024K, 10 young (10240K), 10 survivors (10240K)
 Metaspace       used 10795K, capacity 11225K, committed 11392K, reserved 1058816K
  class space    used 878K, capacity 1094K, committed 1152K, reserved 1048576K
}
Event: 3.126 GC heap before
{Heap before GC invocations=4 (full 0):
 garbage-first heap   total 129024K, used 80477K [0x0000000085400000, 0x0000000100000000)
  region size 1024K, 74 young (75776K), 10 survivors (10240K)
 Metaspace       used 10797K, capacity 11225K, committed 11392K, reserved 1058816K
  class space    used 878K, capacity 1094K, committed 1152K, reserved 1048576K
}
Event: 3.161 GC heap after
{Heap after GC invocations=5 (full 0):
 garbage-first heap   total 155648K, used 19933K [0x0000000085400000, 0x0000000100000000)
  region size 1024K, 10 young (10240K), 10 survivors (10240K)
 Metaspace       used 10797K, capacity 11225K, committed 11392K, reserved 1058816K
  class space    used 878K, capacity 1094K, committed 1152K, reserved 1048576K
}

