# JRE version: OpenJDK Runtime Environment (11.0.9.1+1) (build 11.0.9.1+1-Ubuntu-0ubuntu1.18.04)
# Java VM: OpenJDK 64-Bit Server VM (11.0.9.1+1-Ubuntu-0ubuntu1.18.04, mixed mode, sharing, tiered, compressed oops, g1 gc, linux-amd64)
Heap:
 garbage-first heap   total 226304K, used 30280K [0x0000000085400000, 0x0000000100000000)
  region size 1024K, 21 young (21504K), 17 survivors (17408K)
 Metaspace       used 10781K, capacity 11225K, committed 11392K, reserved 1058816K
  class space    used 878K, capacity 1094K, committed 1152K, reserved 1048576K
GC Heap History (20 events):
Event: 0.787 GC heap before
{Heap before GC invocations=0 (full 0):
 garbage-first heap   total 129024K, used 24264K [0x0000000085400000, 0x0000000100000000)
  region size 1024K, 24 young (24576K), 0 survivors (0K)
 Metaspace       used 6982K, capacity 8237K, committed 8448K, reserved 1056768K
  class space    used 538K, capacity 694K, committed 768K, reserved 1048576K
}
Event: 0.792 GC heap after
{Heap after GC invocations=1 (full 0):
 garbage-first heap   total 129024K, used 2536K [0x0000000085400000, 0x0000000100000000)
  region size 1024K, 2 young (2048K), 2 survivors (2048K)
 Metaspace       used 6982K, capacity 8237K, committed 8448K, reserved 1056768K
  class space    used 538K, capacity 694K, committed 768K, reserved 1048576K
}
Event: 1.511 GC heap before
{Heap before GC invocations=1 (full 0):
 garbage-first heap   total 129024K, used 80360K [0x0000000085400000, 0x0000000100000000)
  region size 1024K, 74 young (75776K), 2 survivors (2048K)
 Metaspace       used 10529K, capacity 11001K, committed 11136K, reserved 1058816K
  class space    used 872K, capacity 1062K, committed 1152K, reserved 1048576K
}
Event: 1.522 GC heap after
{Heap after GC invocations=2 (full 0):
 garbage-first heap   total 129024K, used 9248K [0x0000000085400000, 0x0000000100000000)
  region size 1024K, 5 young (5120K), 5 survivors (5120K)
 Metaspace       used 10529K, capacity 11001K, committed 11136K, reserved 1058816K
  class space    used 872K, capacity 1062K, committed 1152K, reserved 1048576K
}
Event: 2.031 GC heap before
{Heap before GC invocations=2 (full 0):
 garbage-first heap   total 129024K, used 79904K [0x0000000085400000, 0x0000000100000000)
  region size 1024K, 74 young (75776K), 5 survivors (5120K)
 Metaspace       used 10764K, capacity 11225K, committed 11392K, reserved 1058816K
  class space    used 878K, capacity 1094K, committed 1152K, reserved 1048576K
}
Event: 2.039 GC heap after
{Heap after GC invocations=3 (full 0):
 garbage-first heap   total 129024K, used 5496K [0x0000000085400000, 0x0000000100000000)
  region size 1024K, 5 young (5120K), 5 survivors (5120K)
 Metaspace       used 10764K, capacity 11225K, committed 11392K, reserved 1058816K
  class space    used 878K, capacity 1094K, committed 1152K, reserved 1048576K
}
Event: 2.777 GC heap before
{Heap before GC invocations=3 (full 0):
 garbage-first heap   total 129024K, used 76152K [0x0000000085400000, 0x0000000100000000)
  region size 1024K, 74 young (75776K), 5 survivors (5120K)
 Metaspace       used 10774K, capacity 11225K, committed 11392K, reserved 1058816K
  class space    used 878K, capacity 1094K, committed 1152K, reserved 1048576K
}
Event: 2.799 GC heap after
{Heap after GC invocations=4 (full 0):
 garbage-first heap   total 129024K, used 14664K [0x0000000085400000, 0x0000000100000000)
  region size 1024K, 10 young (10240K), 10 survivors (10240K)
 Metaspace       used 10774K, capacity 11225K, committed 11392K, reserved 1058816K
  class space    used 878K, capacity 1094K, committed 1152K, reserved 1048576K
}
Event: 3.313 GC heap before
{Heap before GC invocations=4 (full 0):
 garbage-first heap   total 129024K, used 80200K [0x0000000085400000, 0x0000000100000000)
  region size 1024K, 74 young (75776K), 10 survivors (10240K)
 Metaspace       used 10775K, capacity 11225K, committed 11392K, reserved 1058816K
  class space    used 878K, capacity 1094K, committed 1152K, reserved 1048576K
}
Event: 3.336 GC heap after
{Heap after GC invocations=5 (full 0):
 garbage-first heap   total 155648K, used 19144K [0x0000000085400000, 0x0000000100000000)
  region size 1024K, 10 young (10240K), 10 survivors (10240K)
 Metaspace       used 10775K, capacity 11225K, committed 11392K, reserved 1058816K
  class space    used 878K, capacity 1094K, committed 1152K, reserved 1048576K
}
Event: 4.007 GC heap before
{Heap before GC invocations=5 (full 0):
 garbage-first heap   total 155648K, used 102088K [0x0000000085400000, 0x0000000100000000)
  region size 1024K, 91 young (93184K), 10 survivors (10240K)
 Metaspace       used 10776K, capacity 11225K, committed 11392K, reserved 1058816K
  class space    used 878K, capacity 1094K, committed 1152K, reserved 1048576K
}
Event: 4.038 GC heap after
{Heap after GC invocations=6 (full 0):
 garbage-first heap   total 155648K, used 21699K [0x0000000085400000, 0x0000000100000000)
  region size 1024K, 12 young (12288K), 12 survivors (12288K)
 Metaspace       used 10776K, capacity 11225K, committed 11392K, reserved 1058816K
  class space    used 878K, capacity 1094K, committed 1152K, reserved 1048576K
}
Event: 4.803 GC heap before
{Heap before GC invocations=6 (full 0):
 garbage-first heap   total 155648K, used 102595K [0x0000000085400000, 0x0000000100000000)
  region size 1024K, 91 young (93184K), 12 survivors (12288K)
 Metaspace       used 10776K, capacity 11225K, committed 11392K, reserved 1058816K
  class space    used 878K, capacity 1094K, committed 1152K, reserved 1048576K
}
Event: 4.836 GC heap after
{Heap after GC invocations=7 (full 0):
 garbage-first heap   total 155648K, used 21833K [0x0000000085400000, 0x0000000100000000)
  region size 1024K, 12 young (12288K), 12 survivors (12288K)
 Metaspace       used 10776K, capacity 11225K, committed 11392K, reserved 1058816K
  class space    used 878K, capacity 1094K, committed 1152K, reserved 1048576K
}
Event: 5.599 GC heap before
{Heap before GC invocations=7 (full 0):
 garbage-first heap   total 155648K, used 102729K [0x0000000085400000, 0x0000000100000000)
  region size 1024K, 91 young (93184K), 12 survivors (12288K)
 Metaspace       used 10778K, capacity 11225K, committed 11392K, reserved 1058816K
  class space    used 878K, capacity 1094K, committed 1152K, reserved 1048576K
}
Event: 5.624 GC heap after
{Heap after GC invocations=8 (full 0):
 garbage-first heap   total 155648K, used 22059K [0x0000000085400000, 0x0000000100000000)
  region size 1024K, 12 young (12288K), 12 survivors (12288K)
 Metaspace       used 10778K, capacity 11225K, committed 11392K, reserved 1058816K
  class space    used 878K, capacity 1094K, committed 1152K, reserved 1048576K
}
Event: 6.246 GC heap before
{Heap before GC invocations=8 (full 0):
 garbage-first heap   total 155648K, used 102955K [0x0000000085400000, 0x0000000100000000)
  region size 1024K, 91 young (93184K), 12 survivors (12288K)
 Metaspace       used 10778K, capacity 11225K, committed 11392K, reserved 1058816K
  class space    used 878K, capacity 1094K, committed 1152K, reserved 1048576K
}
Event: 6.265 GC heap after
{Heap after GC invocations=9 (full 0):
 garbage-first heap   total 226304K, used 20552K [0x0000000085400000, 0x0000000100000000)
  region size 1024K, 11 young (11264K), 11 survivors (11264K)
 Metaspace       used 10778K, capacity 11225K, committed 11392K, reserved 1058816K
  class space    used 878K, capacity 1094K, committed 1152K, reserved 1048576K
}
Event: 7.193 GC heap before
{Heap before GC invocations=9 (full 0):
 garbage-first heap   total 226304K, used 144456K [0x0000000085400000, 0x0000000100000000)
  region size 1024K, 132 young (135168K), 11 survivors (11264K)
 Metaspace       used 10781K, capacity 11225K, committed 11392K, reserved 1058816K
  class space    used 878K, capacity 1094K, committed 1152K, reserved 1048576K
}
Event: 7.235 GC heap after
{Heap after GC invocations=10 (full 0):
 garbage-first heap   total 226304K, used 27208K [0x0000000085400000, 0x0000000100000000)
  region size 1024K, 17 young (17408K), 17 survivors (17408K)
 Metaspace       used 10781K, capacity 11225K, committed 11392K, reserved 1058816K
  class space    used 878K, capacity 1094K, committed 1152K, reserved 1048576K
}

