# JRE version: OpenJDK Runtime Environment (11.0.9.1+1) (build 11.0.9.1+1-Ubuntu-0ubuntu1.18.04)
# Java VM: OpenJDK 64-Bit Server VM (11.0.9.1+1-Ubuntu-0ubuntu1.18.04, mixed mode, sharing, tiered, compressed oops, g1 gc, linux-amd64)
Heap:
 garbage-first heap   total 159744K, used 84591K [0x0000000085400000, 0x0000000100000000)
  region size 1024K, 74 young (75776K), 12 survivors (12288K)
 Metaspace       used 10783K, capacity 11225K, committed 11392K, reserved 1058816K
  class space    used 878K, capacity 1094K, committed 1152K, reserved 1048576K
GC Heap History (12 events):
Event: 0.658 GC heap before
{Heap before GC invocations=0 (full 0):
 garbage-first heap   total 129024K, used 24264K [0x0000000085400000, 0x0000000100000000)
  region size 1024K, 24 young (24576K), 0 survivors (0K)
 Metaspace       used 6993K, capacity 8237K, committed 8448K, reserved 1056768K
  class space    used 538K, capacity 694K, committed 768K, reserved 1048576K
}
Event: 0.665 GC heap after
{Heap after GC invocations=1 (full 0):
 garbage-first heap   total 129024K, used 2534K [0x0000000085400000, 0x0000000100000000)
  region size 1024K, 2 young (2048K), 2 survivors (2048K)
 Metaspace       used 6993K, capacity 8237K, committed 8448K, reserved 1056768K
  class space    used 538K, capacity 694K, committed 768K, reserved 1048576K
}
Event: 1.317 GC heap before
{Heap before GC invocations=1 (full 0):
 garbage-first heap   total 129024K, used 80358K [0x0000000085400000, 0x0000000100000000)
  region size 1024K, 74 young (75776K), 2 survivors (2048K)
 Metaspace       used 10533K, capacity 11001K, committed 11392K, reserved 1058816K
  class space    used 872K, capacity 1062K, committed 1152K, reserved 1048576K
}
Event: 1.326 GC heap after
{Heap after GC invocations=2 (full 0):
 garbage-first heap   total 129024K, used 9332K [0x0000000085400000, 0x0000000100000000)
  region size 1024K, 5 young (5120K), 5 survivors (5120K)
 Metaspace       used 10533K, capacity 11001K, committed 11392K, reserved 1058816K
  class space    used 872K, capacity 1062K, committed 1152K, reserved 1048576K
}
Event: 1.717 GC heap before
{Heap before GC invocations=2 (full 0):
 garbage-first heap   total 129024K, used 79988K [0x0000000085400000, 0x0000000100000000)
  region size 1024K, 74 young (75776K), 5 survivors (5120K)
 Metaspace       used 10763K, capacity 11225K, committed 11392K, reserved 1058816K
  class space    used 878K, capacity 1094K, committed 1152K, reserved 1048576K
}
Event: 1.724 GC heap after
{Heap after GC invocations=3 (full 0):
 garbage-first heap   total 129024K, used 5725K [0x0000000085400000, 0x0000000100000000)
  region size 1024K, 5 young (5120K), 5 survivors (5120K)
 Metaspace       used 10763K, capacity 11225K, committed 11392K, reserved 1058816K
  class space    used 878K, capacity 1094K, committed 1152K, reserved 1048576K
}
Event: 2.416 GC heap before
{Heap before GC invocations=3 (full 0):
 garbage-first heap   total 129024K, used 76381K [0x0000000085400000, 0x0000000100000000)
  region size 1024K, 74 young (75776K), 5 survivors (5120K)
 Metaspace       used 10778K, capacity 11225K, committed 11392K, reserved 1058816K
  class space    used 878K, capacity 1094K, committed 1152K, reserved 1048576K
}
Event: 2.444 GC heap after
{Heap after GC invocations=4 (full 0):
 garbage-first heap   total 129024K, used 14669K [0x0000000085400000, 0x0000000100000000)
  region size 1024K, 10 young (10240K), 10 survivors (10240K)
 Metaspace       used 10778K, capacity 11225K, committed 11392K, reserved 1058816K
  class space    used 878K, capacity 1094K, committed 1152K, reserved 1048576K
}
Event: 2.924 GC heap before
{Heap before GC invocations=4 (full 0):
 garbage-first heap   total 129024K, used 80205K [0x0000000085400000, 0x0000000100000000)
  region size 1024K, 74 young (75776K), 10 survivors (10240K)
 Metaspace       used 10779K, capacity 11225K, committed 11392K, reserved 1058816K
  class space    used 878K, capacity 1094K, committed 1152K, reserved 1048576K
}
Event: 2.945 GC heap after
{Heap after GC invocations=5 (full 0):
 garbage-first heap   total 159744K, used 19328K [0x0000000085400000, 0x0000000100000000)
  region size 1024K, 10 young (10240K), 10 survivors (10240K)
 Metaspace       used 10779K, capacity 11225K, committed 11392K, reserved 1058816K
  class space    used 878K, capacity 1094K, committed 1152K, reserved 1048576K
}
Event: 3.585 GC heap before
{Heap before GC invocations=5 (full 0):
 garbage-first heap   total 159744K, used 104320K [0x0000000085400000, 0x0000000100000000)
  region size 1024K, 93 young (95232K), 10 survivors (10240K)
 Metaspace       used 10782K, capacity 11225K, committed 11392K, reserved 1058816K
  class space    used 878K, capacity 1094K, committed 1152K, reserved 1048576K
}
Event: 3.607 GC heap after
{Heap after GC invocations=6 (full 0):
 garbage-first heap   total 159744K, used 22127K [0x0000000085400000, 0x0000000100000000)
  region size 1024K, 12 young (12288K), 12 survivors (12288K)
 Metaspace       used 10782K, capacity 11225K, committed 11392K, reserved 1058816K
  class space    used 878K, capacity 1094K, committed 1152K, reserved 1048576K
}

