# JRE version: OpenJDK Runtime Environment (11.0.9.1+1) (build 11.0.9.1+1-Ubuntu-0ubuntu1.18.04)
# Java VM: OpenJDK 64-Bit Server VM (11.0.9.1+1-Ubuntu-0ubuntu1.18.04, mixed mode, sharing, tiered, compressed oops, g1 gc, linux-amd64)
Heap:
 garbage-first heap   total 504832K, used 275634K [0x0000000085400000, 0x0000000100000000)
  region size 1024K, 211 young (216064K), 35 survivors (35840K)
 Metaspace       used 10828K, capacity 11289K, committed 11392K, reserved 1058816K
  class space    used 878K, capacity 1094K, committed 1152K, reserved 1048576K
GC Heap History (20 events):
Event: 21.390 GC heap before
{Heap before GC invocations=16 (full 0):
 garbage-first heap   total 207872K, used 138698K [0x0000000085400000, 0x0000000100000000)
  region size 1024K, 119 young (121856K), 16 survivors (16384K)
 Metaspace       used 10813K, capacity 11289K, committed 11392K, reserved 1058816K
  class space    used 878K, capacity 1094K, committed 1152K, reserved 1048576K
}
Event: 21.424 GC heap after
{Heap after GC invocations=17 (full 0):
 garbage-first heap   total 207872K, used 33842K [0x0000000085400000, 0x0000000100000000)
  region size 1024K, 15 young (15360K), 15 survivors (15360K)
 Metaspace       used 10813K, capacity 11289K, committed 11392K, reserved 1058816K
  class space    used 878K, capacity 1094K, committed 1152K, reserved 1048576K
}
Event: 22.173 GC heap before
{Heap before GC invocations=17 (full 0):
 garbage-first heap   total 207872K, used 140338K [0x0000000085400000, 0x0000000100000000)
  region size 1024K, 119 young (121856K), 15 survivors (15360K)
 Metaspace       used 10816K, capacity 11289K, committed 11392K, reserved 1058816K
  class space    used 878K, capacity 1094K, committed 1152K, reserved 1048576K
}
Event: 22.201 GC heap after
{Heap after GC invocations=18 (full 0):
 garbage-first heap   total 207872K, used 34064K [0x0000000085400000, 0x0000000100000000)
  region size 1024K, 15 young (15360K), 15 survivors (15360K)
 Metaspace       used 10816K, capacity 11289K, committed 11392K, reserved 1058816K
  class space    used 878K, capacity 1094K, committed 1152K, reserved 1048576K
}
Event: 22.997 GC heap before
{Heap before GC invocations=18 (full 0):
 garbage-first heap   total 207872K, used 142608K [0x0000000085400000, 0x0000000100000000)
  region size 1024K, 121 young (123904K), 15 survivors (15360K)
 Metaspace       used 10818K, capacity 11289K, committed 11392K, reserved 1058816K
  class space    used 878K, capacity 1094K, committed 1152K, reserved 1048576K
}
Event: 23.032 GC heap after
{Heap after GC invocations=19 (full 0):
 garbage-first heap   total 305152K, used 36302K [0x0000000085400000, 0x0000000100000000)
  region size 1024K, 16 young (16384K), 16 survivors (16384K)
 Metaspace       used 10818K, capacity 11289K, committed 11392K, reserved 1058816K
  class space    used 878K, capacity 1094K, committed 1152K, reserved 1048576K
}
Event: 24.285 GC heap before
{Heap before GC invocations=19 (full 0):
 garbage-first heap   total 305152K, used 202190K [0x0000000085400000, 0x0000000100000000)
  region size 1024K, 178 young (182272K), 16 survivors (16384K)
 Metaspace       used 10818K, capacity 11289K, committed 11392K, reserved 1058816K
  class space    used 878K, capacity 1094K, committed 1152K, reserved 1048576K
}
Event: 24.354 GC heap after
{Heap after GC invocations=20 (full 0):
 garbage-first heap   total 305152K, used 48509K [0x0000000085400000, 0x0000000100000000)
  region size 1024K, 23 young (23552K), 23 survivors (23552K)
 Metaspace       used 10818K, capacity 11289K, committed 11392K, reserved 1058816K
  class space    used 878K, capacity 1094K, committed 1152K, reserved 1048576K
}
Event: 25.464 GC heap before
{Heap before GC invocations=20 (full 0):
 garbage-first heap   total 305152K, used 201085K [0x0000000085400000, 0x0000000100000000)
  region size 1024K, 172 young (176128K), 23 survivors (23552K)
 Metaspace       used 10824K, capacity 11289K, committed 11392K, reserved 1058816K
  class space    used 878K, capacity 1094K, committed 1152K, reserved 1048576K
}
Event: 25.529 GC heap after
{Heap after GC invocations=21 (full 0):
 garbage-first heap   total 305152K, used 50427K [0x0000000085400000, 0x0000000100000000)
  region size 1024K, 22 young (22528K), 22 survivors (22528K)
 Metaspace       used 10824K, capacity 11289K, committed 11392K, reserved 1058816K
  class space    used 878K, capacity 1094K, committed 1152K, reserved 1048576K
}
Event: 26.641 GC heap before
{Heap before GC invocations=21 (full 0):
 garbage-first heap   total 305152K, used 204027K [0x0000000085400000, 0x0000000100000000)
  region size 1024K, 172 young (176128K), 22 survivors (22528K)
 Metaspace       used 10828K, capacity 11289K, committed 11392K, reserved 1058816K
  class space    used 878K, capacity 1094K, committed 1152K, reserved 1048576K
}
Event: 26.705 GC heap after
{Heap after GC invocations=22 (full 0):
 garbage-first heap   total 305152K, used 53559K [0x0000000085400000, 0x0000000100000000)
  region size 1024K, 22 young (22528K), 22 survivors (22528K)
 Metaspace       used 10828K, capacity 11289K, committed 11392K, reserved 1058816K
  class space    used 878K, capacity 1094K, committed 1152K, reserved 1048576K
}
Event: 27.850 GC heap before
{Heap before GC invocations=22 (full 0):
 garbage-first heap   total 305152K, used 208183K [0x0000000085400000, 0x0000000100000000)
  region size 1024K, 173 young (177152K), 22 survivors (22528K)
 Metaspace       used 10828K, capacity 11289K, committed 11392K, reserved 1058816K
  class space    used 878K, capacity 1094K, committed 1152K, reserved 1048576K
}
Event: 27.915 GC heap after
{Heap after GC invocations=23 (full 0):
 garbage-first heap   total 504832K, used 57287K [0x0000000085400000, 0x0000000100000000)
  region size 1024K, 22 young (22528K), 22 survivors (22528K)
 Metaspace       used 10828K, capacity 11289K, committed 11392K, reserved 1058816K
  class space    used 878K, capacity 1094K, committed 1152K, reserved 1048576K
}
Event: 30.035 GC heap before
{Heap before GC invocations=23 (full 0):
 garbage-first heap   total 504832K, used 336839K [0x0000000085400000, 0x0000000100000000)
  region size 1024K, 295 young (302080K), 22 survivors (22528K)
 Metaspace       used 10828K, capacity 11289K, committed 11392K, reserved 1058816K
  class space    used 878K, capacity 1094K, committed 1152K, reserved 1048576K
}
Event: 30.172 GC heap after
{Heap after GC invocations=24 (full 0):
 garbage-first heap   total 504832K, used 84651K [0x0000000085400000, 0x0000000100000000)
  region size 1024K, 37 young (37888K), 37 survivors (37888K)
 Metaspace       used 10828K, capacity 11289K, committed 11392K, reserved 1058816K
  class space    used 878K, capacity 1094K, committed 1152K, reserved 1048576K
}
Event: 31.926 GC heap before
{Heap before GC invocations=24 (full 0):
 garbage-first heap   total 504832K, used 326315K [0x0000000085400000, 0x0000000100000000)
  region size 1024K, 273 young (279552K), 37 survivors (37888K)
 Metaspace       used 10828K, capacity 11289K, committed 11392K, reserved 1058816K
  class space    used 878K, capacity 1094K, committed 1152K, reserved 1048576K
}
Event: 32.033 GC heap after
{Heap after GC invocations=25 (full 0):
 garbage-first heap   total 504832K, used 89253K [0x0000000085400000, 0x0000000100000000)
  region size 1024K, 35 young (35840K), 35 survivors (35840K)
 Metaspace       used 10828K, capacity 11289K, committed 11392K, reserved 1058816K
  class space    used 878K, capacity 1094K, committed 1152K, reserved 1048576K
}
Event: 33.834 GC heap before
{Heap before GC invocations=25 (full 0):
 garbage-first heap   total 504832K, used 333989K [0x0000000085400000, 0x0000000100000000)
  region size 1024K, 274 young (280576K), 35 survivors (35840K)
 Metaspace       used 10828K, capacity 11289K, committed 11392K, reserved 1058816K
  class space    used 878K, capacity 1094K, committed 1152K, reserved 1048576K
}
Event: 33.947 GC heap after
{Heap after GC invocations=26 (full 0):
 garbage-first heap   total 504832K, used 96434K [0x0000000085400000, 0x0000000100000000)
  region size 1024K, 35 young (35840K), 35 survivors (35840K)
 Metaspace       used 10828K, capacity 11289K, committed 11392K, reserved 1058816K
  class space    used 878K, capacity 1094K, committed 1152K, reserved 1048576K
}

